<?xml version="1.0" encoding="UTF-8"?>
<testng-results skipped="0" failed="0" ignored="0" total="1" passed="1">
  <reporter-output>
  </reporter-output>
  <suite name="Default suite" duration-ms="2834" started-at="2020-05-26T19:40:13Z" finished-at="2020-05-26T19:40:16Z">
    <groups>
    </groups>
    <test name="Default test" duration-ms="2834" started-at="2020-05-26T19:40:13Z" finished-at="2020-05-26T19:40:16Z">
      <class name="Sprint1.api_test">
        <test-method status="PASS" signature="tc02_POST()[pri:0, instance:Sprint1.api_test@29774679]" name="tc02_POST" duration-ms="2815" started-at="2020-05-27T01:10:13Z" finished-at="2020-05-27T01:10:16Z">
          <reporter-output>
          </reporter-output>
        </test-method> <!-- tc02_POST -->
      </class> <!-- Sprint1.api_test -->
    </test> <!-- Default test -->
  </suite> <!-- Default suite -->
</testng-results>
